<?xml version="1.0" encoding="UTF-8" standalone="no"?>
<testsuite failures="0" name="cucumber.runtime.formatter.JUnitFormatter" skipped="0" tests="1" time="27.084156">
<testcase classname="Pesquisar" name="Realizar uma pesquisa" time="27.084156">
<system-out><![CDATA[Given que eu acesse a pagina "http://google.com/"...........................passed
When realizar uma consulta por "Minecraft"..................................passed
Then visualizar 3 pesquisas relacionadas ao assunto.........................passed
]]></system-out>
</testcase>
</testsuite>
